[0403/174245.892:ERROR:process_reader_win.cc(123)] NtOpenThread: {Access Denied} A process has requested access to an object, but has not been granted those access rights. (0xc0000022)
[0403/174245.762:ERROR:process_reader_win.cc(123)] NtOpenThread: {Access Denied} A process has requested access to an object, but has not been granted those access rights. (0xc0000022)
[0403/174245.919:ERROR:exception_snapshot_win.cc(98)] thread ID 4424 not found in process
[0403/174245.919:ERROR:exception_snapshot_win.cc(98)] thread ID 1020 not found in process
[0403/174245.977:ERROR:process_reader_win.cc(123)] NtOpenThread: {Access Denied} A process has requested access to an object, but has not been granted those access rights. (0xc0000022)
[0403/174245.978:ERROR:exception_snapshot_win.cc(98)] thread ID 6472 not found in process
[0403/174246.026:ERROR:process_reader_win.cc(123)] NtOpenThread: {Access Denied} A process has requested access to an object, but has not been granted those access rights. (0xc0000022)
[0403/174246.026:ERROR:exception_snapshot_win.cc(98)] thread ID 8352 not found in process
[0403/174246.051:ERROR:process_info.cc(329)] VirtualQueryEx: Access is denied. (0x5)
[0403/174246.051:ERROR:process_info.cc(556)] ReadMemoryInfo failed
[0403/174246.051:ERROR:process_memory_win.cc(39)] Failed to initialize ProcessInfo.
[0403/174246.070:ERROR:process_reader_win.cc(123)] NtOpenThread: {Access Denied} A process has requested access to an object, but has not been granted those access rights. (0xc0000022)
[0403/174246.071:ERROR:exception_snapshot_win.cc(98)] thread ID 8780 not found in process
[0403/174246.052:ERROR:scoped_process_suspend.cc(40)] NtResumeProcess: An attempt was made to access an exiting process. (0xc000010a)
[0403/175136.767:ERROR:process_reader_win.cc(123)] NtOpenThread: {Access Denied} A process has requested access to an object, but has not been granted those access rights. (0xc0000022)
[0403/175136.874:ERROR:exception_snapshot_win.cc(98)] thread ID 9932 not found in process
[0403/175137.032:ERROR:process_reader_win.cc(123)] NtOpenThread: {Access Denied} A process has requested access to an object, but has not been granted those access rights. (0xc0000022)
[0403/175137.033:ERROR:exception_snapshot_win.cc(98)] thread ID 6824 not found in process
[0403/175137.089:ERROR:process_info.cc(329)] VirtualQueryEx: Access is denied. (0x5)
[0403/175137.090:ERROR:process_info.cc(556)] ReadMemoryInfo failed
[0403/175137.090:ERROR:process_memory_win.cc(39)] Failed to initialize ProcessInfo.
[0403/175137.090:ERROR:scoped_process_suspend.cc(40)] NtResumeProcess: An attempt was made to access an exiting process. (0xc000010a)
[0403/175137.094:ERROR:process_reader_win.cc(123)] NtOpenThread: {Access Denied} A process has requested access to an object, but has not been granted those access rights. (0xc0000022)
[0403/175137.098:ERROR:exception_snapshot_win.cc(98)] thread ID 9992 not found in process
[0403/175137.228:ERROR:process_info.cc(329)] VirtualQueryEx: Access is denied. (0x5)
[0403/175137.228:ERROR:process_info.cc(556)] ReadMemoryInfo failed
[0403/175137.231:ERROR:process_memory_win.cc(39)] Failed to initialize ProcessInfo.
[0403/175137.231:ERROR:scoped_process_suspend.cc(40)] NtResumeProcess: An attempt was made to access an exiting process. (0xc000010a)
[0403/175137.240:ERROR:process_info.cc(329)] VirtualQueryEx: Access is denied. (0x5)
[0403/175137.240:ERROR:process_info.cc(556)] ReadMemoryInfo failed
[0403/175137.240:ERROR:process_memory_win.cc(39)] Failed to initialize ProcessInfo.
[0403/175137.240:ERROR:scoped_process_suspend.cc(40)] NtResumeProcess: An attempt was made to access an exiting process. (0xc000010a)
[0403/175137.253:ERROR:process_reader_win.cc(123)] NtOpenThread: {Access Denied} A process has requested access to an object, but has not been granted those access rights. (0xc0000022)
[0403/175137.254:ERROR:exception_snapshot_win.cc(98)] thread ID 5888 not found in process
[0403/175137.264:ERROR:process_reader_win.cc(123)] NtOpenThread: {Access Denied} A process has requested access to an object, but has not been granted those access rights. (0xc0000022)
[0403/175137.265:ERROR:exception_snapshot_win.cc(98)] thread ID 4544 not found in process
